#
# There is insufficient memory for the Java Runtime Environment to continue.
# Native memory allocation (malloc) failed to allocate 65536 bytes for AllocateHeap
# Possible reasons:
#   The system is out of physical RAM or swap space
#   In 32 bit mode, the process size limit was hit
# Possible solutions:
#   Reduce memory load on the system
#   Increase physical memory or swap space
#   Check if swap backing store is full
#   Use 64 bit Java on a 64 bit OS
#   Decrease Java heap size (-Xmx/-Xms)
#   Decrease number of Java threads
#   Decrease Java thread stack sizes (-Xss)
#   Set larger code cache with -XX:ReservedCodeCacheSize=
# This output file may be truncated or incomplete.
#
#  Out of Memory Error (allocation.cpp:46), pid=5424, tid=15220
#
# JRE version: OpenJDK Runtime Environment Corretto-11.0.20.9.1 (11.0.20.1+9) (build 11.0.20.1+9-LTS)
# Java VM: OpenJDK Server VM Corretto-11.0.20.9.1 (11.0.20.1+9-LTS, mixed mode, tiered, g1 gc, windows-x86)
# No core dump will be written. Minidumps are not enabled by default on client versions of Windows
#

---------------  S U M M A R Y ------------

Command Line: -Dcom.sun.management.jmxremote -Dcom.sun.management.jmxremote.port=50213 -Dcom.sun.management.jmxremote.authenticate=false -Dcom.sun.management.jmxremote.ssl=false -Djava.rmi.server.hostname=localhost -Dspring.jmx.enabled=true -Dmanagement.endpoints.jmx.exposure.include=* -Dspring.application.admin.enabled=true -XX:TieredStopAtLevel=1 -Dspring.boot.project.name=tpi -Dfile.encoding=UTF-8 com.unlam.tpi.TpiApplication --spring.output.ansi.enabled=always

Host: Intel(R) Core(TM) i3-7100T CPU @ 3.40GHz, 4 cores, 11G,  Windows 10 , 64 bit Build 19041 (10.0.19041.3570)
Time: Sun Oct 22 00:41:05 2023 Hora estándar de Argentina elapsed time: 3.386378 seconds (0d 0h 0m 3s)

---------------  T H R E A D  ---------------

Current thread (0x33761400):  VMThread "VM Thread" [stack: 0x33910000,0x33960000] [id=15220]

Stack: [0x33910000,0x33960000],  sp=0x3395f268,  free space=316k
Native frames: (J=compiled Java code, A=aot compiled Java code, j=interpreted, Vv=VM code, C=native code)
V  [jvm.dll+0x55bc1f]
V  [jvm.dll+0x55c295]
V  [jvm.dll+0x1957a9]
V  [jvm.dll+0x79470]
V  [jvm.dll+0x228ac3]
V  [jvm.dll+0x226271]
V  [jvm.dll+0x21734e]
V  [jvm.dll+0x2173cd]
V  [jvm.dll+0x157ea3]
V  [jvm.dll+0x55c864]
V  [jvm.dll+0x55d4f6]
V  [jvm.dll+0x56143e]
V  [jvm.dll+0x561bc5]
V  [jvm.dll+0x561efe]
V  [jvm.dll+0x523c0a]
C  [ucrtbase.dll+0x44f9f]
C  [KERNEL32.DLL+0x1fcc9]
C  [ntdll.dll+0x67c6e]
C  [ntdll.dll+0x67c3e]

VM_Operation (0x00f3dc90): CollectForMetadataAllocation, mode: safepoint, requested by thread 0x02f23c00


---------------  P R O C E S S  ---------------

Threads class SMR info:
_java_thread_list=0x3382e9e8, length=9, elements={
0x02f23c00, 0x33786800, 0x3377a800, 0x33787800,
0x33788000, 0x33788c00, 0x33789400, 0x3378f400,
0x337f7400
}

Java Threads: ( => current thread )
  0x02f23c00 JavaThread "main" [_thread_blocked, id=21832, stack(0x00ef0000,0x00f40000)]
  0x33786800 JavaThread "Reference Handler" daemon [_thread_blocked, id=20912, stack(0x339a0000,0x339f0000)]
  0x3377a800 JavaThread "Finalizer" daemon [_thread_blocked, id=20752, stack(0x33a30000,0x33a80000)]
  0x33787800 JavaThread "Signal Dispatcher" daemon [_thread_blocked, id=16516, stack(0x33bf0000,0x33c40000)]
  0x33788000 JavaThread "Attach Listener" daemon [_thread_blocked, id=8572, stack(0x33c80000,0x33cd0000)]
  0x33788c00 JavaThread "Service Thread" daemon [_thread_blocked, id=20696, stack(0x33d10000,0x33d60000)]
  0x33789400 JavaThread "C1 CompilerThread0" daemon [_thread_blocked, id=23348, stack(0x33da0000,0x33df0000)]
  0x3378f400 JavaThread "Sweeper thread" daemon [_thread_blocked, id=8456, stack(0x33e30000,0x33e80000)]
  0x337f7400 JavaThread "Common-Cleaner" daemon [_thread_blocked, id=6928, stack(0x33ec0000,0x33f10000)]

Other Threads:
=>0x33761400 VMThread "VM Thread" [stack: 0x33910000,0x33960000] [id=15220]
  0x02f34c00 GCTaskThread "GC Thread#0" [stack: 0x02bb0000,0x02c00000] [id=20212]
  0x344e6000 GCTaskThread "GC Thread#1" [stack: 0x36020000,0x36070000] [id=24372]
  0x02f81000 ConcurrentGCThread "G1 Main Marker" [stack: 0x33050000,0x330a0000] [id=1532]
  0x02f82000 ConcurrentGCThread "G1 Conc#0" [stack: 0x330e0000,0x33130000] [id=2000]
  0x02fe3000 ConcurrentGCThread "G1 Refine#0" [stack: 0x33190000,0x331e0000] [id=21120]
  0x02fe6800 ConcurrentGCThread "G1 Young RemSet Sampling" [stack: 0x33220000,0x33270000] [id=15104]

Threads with active compile tasks:
C1 CompilerThread0     3428  535       1       java.lang.String::toCharArray (25 bytes)

VM state:at safepoint (normal execution)

VM Mutex/Monitor currently owned by a thread:  ([mutex/lock_event])
[0x02f21c98] Threads_lock - owner thread: 0x33761400
[0x02f22658] Heap_lock - owner thread: 0x02f23c00

Heap:
 garbage-first heap   total 32768K, used 9166K [0x12000000, 0x32000000)
  region size 1024K, 2 young (2048K), 2 survivors (2048K)
 Metaspace       used 5598K, capacity 5624K, committed 5632K, reserved 10624K
Heap Regions: E=young(eden), S=young(survivor), O=old, HS=humongous(starts), HC=humongous(continues), CS=collection set, F=free, A=archive, TAMS=top-at-mark-start (previous, next)
|   0|0x12000000, 0x12100000, 0x12100000|100%|HS|  |TAMS 0x12000000, 0x12100000| Complete 
|   1|0x12100000, 0x12200000, 0x12200000|100%| O|  |TAMS 0x12100000, 0x12200000| Untracked 
|   2|0x12200000, 0x12300000, 0x12300000|100%| O|  |TAMS 0x12200000, 0x12300000| Untracked 
|   3|0x12300000, 0x12400000, 0x12400000|100%| O|  |TAMS 0x12300000, 0x12400000| Untracked 
|   4|0x12400000, 0x12500000, 0x12500000|100%| O|  |TAMS 0x12400000, 0x12500000| Untracked 
|   5|0x12500000, 0x12600000, 0x12600000|100%| O|  |TAMS 0x12500000, 0x12600000| Untracked 
|   6|0x12600000, 0x126f3a00, 0x12700000| 95%| O|  |TAMS 0x12600000, 0x126f3a00| Untracked 
|   7|0x12700000, 0x12700000, 0x12800000|  0%| F|  |TAMS 0x12700000, 0x12700000| Untracked 
|   8|0x12800000, 0x12800000, 0x12900000|  0%| F|  |TAMS 0x12800000, 0x12800000| Untracked 
|   9|0x12900000, 0x12900000, 0x12a00000|  0%| F|  |TAMS 0x12900000, 0x12900000| Untracked 
|  10|0x12a00000, 0x12a00000, 0x12b00000|  0%| F|  |TAMS 0x12a00000, 0x12a00000| Untracked 
|  11|0x12b00000, 0x12b00000, 0x12c00000|  0%| F|  |TAMS 0x12b00000, 0x12b00000| Untracked 
|  12|0x12c00000, 0x12c00000, 0x12d00000|  0%| F|  |TAMS 0x12c00000, 0x12c00000| Untracked 
|  13|0x12d00000, 0x12d00000, 0x12e00000|  0%| F|  |TAMS 0x12d00000, 0x12d00000| Untracked 
|  14|0x12e00000, 0x12e00000, 0x12f00000|  0%| F|  |TAMS 0x12e00000, 0x12e00000| Untracked 
|  15|0x12f00000, 0x12f00000, 0x13000000|  0%| F|  |TAMS 0x12f00000, 0x12f00000| Untracked 
|  16|0x13000000, 0x13000000, 0x13100000|  0%| F|  |TAMS 0x13000000, 0x13000000| Untracked 
|  17|0x13100000, 0x13100000, 0x13200000|  0%| F|  |TAMS 0x13100000, 0x13100000| Untracked 
|  18|0x13200000, 0x13300000, 0x13300000|100%| S|CS|TAMS 0x13200000, 0x13200000| Complete 
|  19|0x13300000, 0x13400000, 0x13400000|100%| S|CS|TAMS 0x13300000, 0x13300000| Complete 
|  20|0x13400000, 0x13400000, 0x13500000|  0%| F|  |TAMS 0x13400000, 0x13400000| Untracked 
|  21|0x13500000, 0x13500000, 0x13600000|  0%| F|  |TAMS 0x13500000, 0x13500000| Untracked 
|  22|0x13600000, 0x13600000, 0x13700000|  0%| F|  |TAMS 0x13600000, 0x13600000| Untracked 
|  23|0x13700000, 0x13700000, 0x13800000|  0%| F|  |TAMS 0x13700000, 0x13700000| Untracked 
|  24|0x13800000, 0x13800000, 0x13900000|  0%| F|  |TAMS 0x13800000, 0x13800000| Untracked 
|  25|0x13900000, 0x13900000, 0x13a00000|  0%| F|  |TAMS 0x13900000, 0x13900000| Untracked 
|  26|0x13a00000, 0x13a00000, 0x13b00000|  0%| F|  |TAMS 0x13a00000, 0x13a00000| Untracked 
|  27|0x13b00000, 0x13b00000, 0x13c00000|  0%| F|  |TAMS 0x13b00000, 0x13b00000| Untracked 
|  28|0x13c00000, 0x13c00000, 0x13d00000|  0%| F|  |TAMS 0x13c00000, 0x13c00000| Untracked 
|  29|0x13d00000, 0x13d00000, 0x13e00000|  0%| F|  |TAMS 0x13d00000, 0x13d00000| Untracked 
|  30|0x13e00000, 0x13e00000, 0x13f00000|  0%| F|  |TAMS 0x13e00000, 0x13e00000| Untracked 
|  31|0x13f00000, 0x13f00000, 0x14000000|  0%| F|  |TAMS 0x13f00000, 0x13f00000| Untracked 

Card table byte_map: [0x02d00000,0x02e00000] _byte_map_base: 0x02c70000

Marking Bits (Prev, Next): (CMBitMap*) 0x02f7e6d4, (CMBitMap*) 0x02f7e6f0
 Prev Bits: [0x32000000, 0x32800000)
 Next Bits: [0x32800000, 0x33000000)

Polling page: 0x00f40000

Metaspace:

Usage:
    5.49 MB capacity,     5.47 MB (>99%) used,    14.73 KB ( <1%) free+waste,    10.98 KB ( <1%) overhead. 

Virtual space:
     10.38 MB reserved,       5.50 MB ( 53%) committed 

Chunk freelists:
7.50 KB

MaxMetaspaceSize: 4.00 GB
No class space
Initial GC threshold: 16.00 MB
Current GC threshold: 16.25 MB
CDS: off

CodeHeap 'non-profiled nmethods': size=239744Kb used=616Kb max_used=616Kb free=239127Kb
 bounds [0x035e0000, 0x03820000, 0x12000000]
CodeHeap 'non-nmethods': size=6016Kb used=622Kb max_used=622Kb free=5393Kb
 bounds [0x03000000, 0x03240000, 0x035e0000]
 total_blobs=715 nmethods=536 adapters=108
 compilation: enabled
              stopped_count=0, restarted_count=0
 full_count=0

Compilation events (20 events):
Event: 3.369 Thread 0x33789400 nmethod 528 0x03677408 code [0x036775e0, 0x03677d18]
Event: 3.369 Thread 0x33789400  525       1       java.lang.invoke.MethodTypeForm::unpack (30 bytes)
Event: 3.369 Thread 0x33789400 nmethod 525 0x03678488 code [0x036785a0, 0x03678660]
Event: 3.369 Thread 0x33789400  516       1       sun.invoke.util.Wrapper::stackSlots (9 bytes)
Event: 3.369 Thread 0x33789400 nmethod 516 0x03678788 code [0x036788a0, 0x03678940]
Event: 3.369 Thread 0x33789400  523       1       jdk.internal.org.objectweb.asm.ClassWriter::newClass (11 bytes)
Event: 3.369 Thread 0x33789400 nmethod 523 0x03678a88 code [0x03678ba0, 0x03678c6c]
Event: 3.369 Thread 0x33789400  526       1       jdk.internal.org.objectweb.asm.ByteVector::put11 (52 bytes)
Event: 3.370 Thread 0x33789400 nmethod 526 0x03678d88 code [0x03678ec0, 0x0367900c]
Event: 3.370 Thread 0x33789400  534       1       java.lang.invoke.MemberName::getName (25 bytes)
Event: 3.370 Thread 0x33789400 nmethod 534 0x03679108 code [0x03679220, 0x0367934c]
Event: 3.370 Thread 0x33789400  529       1       java.lang.invoke.DirectMethodHandle::internalMemberName (5 bytes)
Event: 3.370 Thread 0x33789400 nmethod 529 0x03679408 code [0x03679520, 0x036795c0]
Event: 3.370 Thread 0x33789400  533       1       jdk.internal.org.objectweb.asm.ByteVector::<init> (13 bytes)
Event: 3.370 Thread 0x33789400 nmethod 533 0x03679708 code [0x03679820, 0x036799a0]
Event: 3.370 Thread 0x33789400  536       1       jdk.internal.org.objectweb.asm.ByteVector::putByteArray (49 bytes)
Event: 3.370 Thread 0x33789400 nmethod 536 0x03679a08 code [0x03679b40, 0x03679cd8]
Event: 3.370 Thread 0x33789400  537       1       java.lang.String$CaseInsensitiveComparator::compare (13 bytes)
Event: 3.370 Thread 0x33789400 nmethod 537 0x03679d88 code [0x03679ec0, 0x03679fcc]
Event: 3.370 Thread 0x33789400  535       1       java.lang.String::toCharArray (25 bytes)

GC Heap History (2 events):
Event: 3.371 GC heap before
{Heap before GC invocations=0 (full 0):
 garbage-first heap   total 32768K, used 11264K [0x12000000, 0x32000000)
  region size 1024K, 12 young (12288K), 0 survivors (0K)
 Metaspace       used 5598K, capacity 5624K, committed 5632K, reserved 9600K
}
Event: 3.382 GC heap after
{Heap after GC invocations=1 (full 0):
 garbage-first heap   total 32768K, used 9166K [0x12000000, 0x32000000)
  region size 1024K, 2 young (2048K), 2 survivors (2048K)
 Metaspace       used 5598K, capacity 5624K, committed 5632K, reserved 9600K
}

Deoptimization events (0 events):
No events

Classes redefined (0 events):
No events

Internal exceptions (3 events):
Event: 3.281 Thread 0x02f23c00 Exception <a 'java/lang/NoSuchMethodError'{0x1357b8a8}: 'java.lang.Object java.lang.invoke.DirectMethodHandle$Holder.invokeStaticInit(java.lang.Object, java.lang.Object, java.lang.Object)'> (0x1357b8a8) thrown at [s\src\hotspot\share\interpreter\linkResolver.cpp, line 773]
Event: 3.289 Thread 0x02f23c00 Exception <a 'java/lang/NoSuchMethodError'{0x13594098}: 'int java.lang.invoke.DirectMethodHandle$Holder.invokeInterface(java.lang.Object, java.lang.Object)'> (0x13594098) thrown at [s\src\hotspot\share\interpreter\linkResolver.cpp, line 773]
Event: 3.289 Thread 0x02f23c00 Exception <a 'java/lang/IncompatibleClassChangeError'{0x13596ac8}: Found class java.lang.Object, but interface was expected> (0x13596ac8) thrown at [s\src\hotspot\share\interpreter\linkResolver.cpp, line 839]

Events (20 events):
Event: 3.360 loading class com/sun/jmx/mbeanserver/MBeanIntrospector$MBeanInfoMaker
Event: 3.360 loading class com/sun/jmx/mbeanserver/MBeanAnalyzer$MBeanVisitor
Event: 3.360 loading class com/sun/jmx/mbeanserver/MBeanAnalyzer$MBeanVisitor done
Event: 3.360 loading class com/sun/jmx/mbeanserver/MBeanIntrospector$MBeanInfoMaker done
Event: 3.361 loading class javax/management/openmbean/OpenMBeanAttributeInfoSupport
Event: 3.361 loading class javax/management/openmbean/OpenMBeanAttributeInfo
Event: 3.361 loading class javax/management/openmbean/OpenMBeanParameterInfo
Event: 3.362 loading class javax/management/openmbean/OpenMBeanParameterInfo done
Event: 3.362 loading class javax/management/openmbean/OpenMBeanAttributeInfo done
Event: 3.362 loading class javax/management/openmbean/OpenMBeanAttributeInfoSupport done
Event: 3.366 loading class java/lang/invoke/BoundMethodHandle$Species_LLLLLLI
Event: 3.367 loading class java/lang/invoke/BoundMethodHandle$Species_LLLLLLI done
Event: 3.367 loading class java/lang/invoke/BoundMethodHandle$Species_LLLLLLII
Event: 3.367 loading class java/lang/invoke/BoundMethodHandle$Species_LLLLLLII done
Event: 3.368 loading class java/lang/invoke/BoundMethodHandle$Species_LLLLLLIIL
Event: 3.368 loading class java/lang/invoke/BoundMethodHandle$Species_LLLLLLIIL done
Event: 3.370 loading class com/sun/jmx/mbeanserver/PerInterface
Event: 3.370 loading class com/sun/jmx/mbeanserver/PerInterface done
Event: 3.370 loading class com/sun/jmx/mbeanserver/PerInterface$InitMaps
Event: 3.371 Executing VM operation: CollectForMetadataAllocation


Dynamic libraries:
0x00240000 - 0x0024c000 	C:\Program Files (x86)\Amazon Corretto\jdk11.0.20_9\bin\javaw.exe
0x77ad0000 - 0x77c74000 	C:\Windows\SYSTEM32\ntdll.dll
0x76030000 - 0x76120000 	C:\Windows\System32\KERNEL32.DLL
0x74300000 - 0x74314000 	C:\Program Files\Avast Software\Avast\x86\aswhook.dll
0x75cd0000 - 0x75f0a000 	C:\Windows\System32\KERNELBASE.dll
0x75bb0000 - 0x75cd0000 	C:\Windows\System32\ucrtbase.dll
0x74190000 - 0x741a5000 	C:\Program Files (x86)\Amazon Corretto\jdk11.0.20_9\bin\jli.dll
0x776a0000 - 0x7783c000 	C:\Windows\System32\USER32.dll
0x77480000 - 0x77498000 	C:\Windows\System32\win32u.dll
0x77640000 - 0x77664000 	C:\Windows\System32\GDI32.dll
0x77920000 - 0x77a08000 	C:\Windows\System32\gdi32full.dll
0x775c0000 - 0x7763b000 	C:\Windows\System32\msvcp_win.dll
0x6c920000 - 0x6cb30000 	C:\Windows\WinSxS\x86_microsoft.windows.common-controls_6595b64144ccf1df_6.0.19041.3570_none_a868611086700d20\COMCTL32.dll
0x76900000 - 0x769bf000 	C:\Windows\System32\msvcrt.dll
0x70100000 - 0x70114000 	C:\Program Files (x86)\Amazon Corretto\jdk11.0.20_9\bin\VCRUNTIME140.dll
0x759d0000 - 0x759f5000 	C:\Windows\System32\IMM32.DLL
0x6c8b0000 - 0x6c91f000 	C:\Program Files (x86)\Amazon Corretto\jdk11.0.20_9\bin\msvcp140.dll
0x69650000 - 0x69e18000 	C:\Program Files (x86)\Amazon Corretto\jdk11.0.20_9\bin\server\jvm.dll
0x75f10000 - 0x75f8b000 	C:\Windows\System32\ADVAPI32.dll
0x75fb0000 - 0x76026000 	C:\Windows\System32\sechost.dll
0x75a00000 - 0x75abf000 	C:\Windows\System32\RPCRT4.dll
0x76120000 - 0x76126000 	C:\Windows\System32\PSAPI.DLL
0x74130000 - 0x74158000 	C:\Windows\SYSTEM32\WINMM.dll
0x75380000 - 0x75388000 	C:\Windows\SYSTEM32\VERSION.dll
0x70050000 - 0x70058000 	C:\Windows\SYSTEM32\WSOCK32.dll
0x774f0000 - 0x77553000 	C:\Windows\System32\WS2_32.dll
0x75390000 - 0x7539f000 	C:\Windows\SYSTEM32\kernel.appcore.dll
0x74180000 - 0x7418d000 	C:\Program Files (x86)\Amazon Corretto\jdk11.0.20_9\bin\verify.dll
0x6a4c0000 - 0x6a648000 	C:\Windows\SYSTEM32\DBGHELP.DLL
0x6c880000 - 0x6c8ab000 	C:\Windows\SYSTEM32\dbgcore.DLL
0x75970000 - 0x759cf000 	C:\Windows\System32\bcryptPrimitives.dll
0x6c850000 - 0x6c872000 	C:\Program Files (x86)\Amazon Corretto\jdk11.0.20_9\bin\java.dll
0x70280000 - 0x70289000 	C:\Program Files (x86)\Amazon Corretto\jdk11.0.20_9\bin\jimage.dll
0x70090000 - 0x700a6000 	C:\Program Files (x86)\Amazon Corretto\jdk11.0.20_9\bin\zip.dll
0x762c0000 - 0x76877000 	C:\Windows\System32\SHELL32.dll
0x73770000 - 0x73d83000 	C:\Windows\SYSTEM32\windows.storage.dll
0x771f0000 - 0x77470000 	C:\Windows\System32\combase.dll
0x722f0000 - 0x72314000 	C:\Windows\SYSTEM32\Wldp.dll
0x76230000 - 0x762b7000 	C:\Windows\System32\SHCORE.dll
0x774a0000 - 0x774e5000 	C:\Windows\System32\shlwapi.dll
0x71640000 - 0x7165c000 	C:\Windows\SYSTEM32\profapi.dll
0x6ff10000 - 0x6ff24000 	C:\Program Files (x86)\Amazon Corretto\jdk11.0.20_9\bin\net.dll
0x75400000 - 0x754ca000 	C:\Windows\SYSTEM32\WINHTTP.dll
0x753a0000 - 0x753f2000 	C:\Windows\system32\mswsock.dll
0x700f0000 - 0x700ff000 	C:\Program Files (x86)\Amazon Corretto\jdk11.0.20_9\bin\nio.dll
0x6e150000 - 0x6e158000 	C:\Program Files (x86)\Amazon Corretto\jdk11.0.20_9\bin\management.dll
0x6c840000 - 0x6c849000 	C:\Program Files (x86)\Amazon Corretto\jdk11.0.20_9\bin\management_ext.dll

dbghelp: loaded successfully - version: 4.0.5 - missing functions: none
symbol engine: initialized successfully - sym options: 0x614 - pdb path: .;C:\Program Files (x86)\Amazon Corretto\jdk11.0.20_9\bin;C:\Windows\SYSTEM32;C:\Program Files\Avast Software\Avast\x86;C:\Windows\WinSxS\x86_microsoft.windows.common-controls_6595b64144ccf1df_6.0.19041.3570_none_a868611086700d20;C:\Program Files (x86)\Amazon Corretto\jdk11.0.20_9\bin\server

VM Arguments:
jvm_args: -Dcom.sun.management.jmxremote -Dcom.sun.management.jmxremote.port=50213 -Dcom.sun.management.jmxremote.authenticate=false -Dcom.sun.management.jmxremote.ssl=false -Djava.rmi.server.hostname=localhost -Dspring.jmx.enabled=true -Dmanagement.endpoints.jmx.exposure.include=* -Dspring.application.admin.enabled=true -XX:TieredStopAtLevel=1 -Dspring.boot.project.name=tpi -Dfile.encoding=UTF-8 
java_command: com.unlam.tpi.TpiApplication --spring.output.ansi.enabled=always
java_class_path (initial): C:\Users\sullc\Documents\TPI\Workspace\TPIntegrador\TrabajoPracticoIntegrador\tpi\target\classes;C:\Users\sullc\.m2\repository\com\google\code\gson\gson\2.10\gson-2.10.jar;C:\Users\sullc\.m2\repository\mysql\mysql-connector-java\8.0.28\mysql-connector-java-8.0.28.jar;C:\Users\sullc\.m2\repository\com\google\protobuf\protobuf-java\3.11.4\protobuf-java-3.11.4.jar;C:\Users\sullc\.m2\repository\org\springframework\boot\spring-boot-starter-data-jpa\2.7.14\spring-boot-starter-data-jpa-2.7.14.jar;C:\Users\sullc\.m2\repository\org\springframework\boot\spring-boot-starter-aop\2.7.14\spring-boot-starter-aop-2.7.14.jar;C:\Users\sullc\.m2\repository\org\springframework\spring-aop\5.3.29\spring-aop-5.3.29.jar;C:\Users\sullc\.m2\repository\org\aspectj\aspectjweaver\1.9.7\aspectjweaver-1.9.7.jar;C:\Users\sullc\.m2\repository\org\springframework\boot\spring-boot-starter-jdbc\2.7.14\spring-boot-starter-jdbc-2.7.14.jar;C:\Users\sullc\.m2\repository\com\zaxxer\HikariCP\4.0.3\HikariCP-4.0.3.jar;C:\Users\sullc\.m2\repository\org\springframework\spring-jdbc\5.3.29\spring-jdbc-5.3.29.jar;C:\Users\sullc\.m2\repository\jakarta\transaction\jakarta.transaction-api\1.3.3\jakarta.transaction-api-1.3.3.jar;C:\Users\sullc\.m2\repository\jakarta\persistence\jakarta.persistence-api\2.2.3\jakarta.persistence-api-2.2.3.jar;C:\Users\sullc\.m2\repository\org\hibernate\hibernate-core\5.6.15.Final\hibernate-core-5.6.15.Final.jar;C:\Users\sullc\.m2\repository\org\jboss\logging\jboss-logging\3.4.3.Final\jboss-logging-3.4.3.Final.jar;C:\Users\sullc\.m2\repository\net\bytebuddy\byte-buddy\1.12.23\byte-buddy-1.12.23.jar;C:\Users\sullc\.m2\repository\antlr\antlr\2.7.7\antlr-2.7.7.jar;C:\Users\sullc\.m2\repository\org\jboss\jandex\2.4.2.Final\jandex-2.4.2.Final.jar;C:\Users\sullc\.m2\repository\com\fasterxml\classmate\1.5.1\classmate-1.5.1.jar;C:\Users\sullc\.m2\repository\org\hibernate\common\hibernate-commons-annotations\5.1.2.Final\hibernate-commons-annotations-5.1.2.Final.jar;C:
Launcher Type: SUN_STANDARD

[Global flags]
     intx CICompilerCount                          = 3                                         {product} {ergonomic}
     uint ConcGCThreads                            = 1                                         {product} {ergonomic}
     uint G1ConcRefinementThreads                  = 4                                         {product} {ergonomic}
   size_t G1HeapRegionSize                         = 1048576                                   {product} {ergonomic}
    uintx GCDrainStackTargetSize                   = 64                                        {product} {ergonomic}
   size_t InitialHeapSize                          = 33554432                                  {product} {ergonomic}
     bool ManagementServer                         = true                                      {product} {command line}
   size_t MarkStackSize                            = 32768                                     {product} {ergonomic}
   size_t MaxHeapSize                              = 536870912                                 {product} {ergonomic}
   size_t MaxNewSize                               = 321912832                                 {product} {ergonomic}
   size_t MinHeapDeltaBytes                        = 1048576                                   {product} {ergonomic}
    uintx NonNMethodCodeHeapSize                   = 6107954                                {pd product} {ergonomic}
    uintx NonProfiledCodeHeapSize                  = 245550286                              {pd product} {ergonomic}
    uintx ProfiledCodeHeapSize                     = 0                                      {pd product} {ergonomic}
    uintx ReservedCodeCacheSize                    = 251658240                              {pd product} {ergonomic}
     bool SegmentedCodeCache                       = true                                      {product} {ergonomic}
     intx TieredStopAtLevel                        = 1                                         {product} {command line}
     bool UseG1GC                                  = true                                      {product} {ergonomic}
     bool UseLargePagesIndividualAllocation        = false                                  {pd product} {ergonomic}

Logging:
Log output configuration:
 #0: stdout all=warning uptime,level,tags
 #1: stderr all=off uptime,level,tags

Environment Variables:
JAVA_HOME=C:\Program Files (x86)\Amazon Corretto\jdk11.0.20_9
PATH=C:/Users/sullc/Documents/TPI/sts-4.19.1.RELEASE//plugins/org.eclipse.justj.openjdk.hotspot.jre.full.win32.x86_64_17.0.7.v20230425-1502/jre/bin/server;C:/Users/sullc/Documents/TPI/sts-4.19.1.RELEASE//plugins/org.eclipse.justj.openjdk.hotspot.jre.full.win32.x86_64_17.0.7.v20230425-1502/jre/bin;C:\Program Files (x86)\Amazon Corretto\jdk11.0.20_9\bin;C:\Python310\Scripts\;C:\Python310\;C:\Program Files\Common Files\Oracle\Java\javapath;C:\Program Files\Eclipse Adoptium\jdk-17.0.1.12-hotspot\bin;C:\Program Files (x86)\Intel\iCLS Client\;C:\Program Files\Intel\iCLS Client\;C:\Program Files (x86)\Common Files\Oracle\Java\javapath;C:\Windows\system32;C:\Windows;C:\Windows\System32\Wbem;C:\Windows\System32\WindowsPowerShell\v1.0\;C:\Windows\System32\OpenSSH\;C:\Program Files (x86)\Intel\Intel(R) Management Engine Components\DAL;C:\Program Files\Intel\Intel(R) Management Engine Components\DAL;C:\Program Files (x86)\Intel\Intel(R) Management Engine Components\IPT;C:\Program Files\Intel\Intel(R) Management Engine Components\IPT;C:\Program Files (x86)\Amazon Corretto\jdk11.0.20_9\bin;C:\Users\sullc\Documents\TPI\apache-maven-3.9.4\bin;C:\Program Files\Microsoft SQL Server\Client SDK\ODBC\170\Tools\Binn\;C:\Program Files (x86)\Microsoft SQL Server\150\Tools\Binn\;C:\Program Files\Microsoft SQL Server\150\Tools\Binn\;C:\Program Files\Microsoft SQL Server\150\DTS\Binn\;C:\Program Files (x86)\Microsoft SQL Server\150\DTS\Binn\;C:\Program Files\Azure Data Studio\bin;C:\Program Files\nodejs\;C:\ProgramData\chocolatey\bin;C:\Program Files\dotnet\;C:\Program Files\Git\cmd;C:\xampp\php;C:\ProgramData\ComposerSetup\bin;C:\Program Files\TortoiseGit\bin;c:\ffmpeg\bin;C:\Users\sullc\AppData\Local\Programs\Microsoft VS Code\bin;C:\Program Files (x86)\Amazon Corretto\jdk11.0.20_9\bin;C:\Program Files\JetBrains\PhpStorm 2022.1\bin;;C:\Program Files\JetBrains\IntelliJ IDEA 2022.1\bin;;C:\Program Files\Azure Data Studio\bin;C:\Users\sullc\AppData\Roaming\npm;C:\Program Files\MySQL\MySQL Server 
USERNAME=sullc
OS=Windows_NT
PROCESSOR_IDENTIFIER=Intel64 Family 6 Model 158 Stepping 9, GenuineIntel
TMP=C:\Users\sullc\AppData\Local\Temp
TEMP=C:\Users\sullc\AppData\Local\Temp



---------------  S Y S T E M  ---------------

OS: Windows 10 , 64 bit Build 19041 (10.0.19041.3570)
OS uptime: 1 days 10:22 hours

CPU:total 4 (initial active 4) (2 cores per cpu, 2 threads per core) family 6 model 158 stepping 9 microcode 0xb4, cmov, cx8, fxsr, mmx, sse, sse2, sse3, ssse3, sse4.1, sse4.2, popcnt, avx, avx2, aes, clmul, erms, 3dnowpref, lzcnt, ht, tsc, tscinvbit, bmi1, bmi2, adx, fma

Memory: 4k page, system-wide physical 12167M (342M free)
TotalPageFile size 20336M (AvailPageFile size 0M), user-mode portion of virtual address-space 2047M (1147M free)
current process WorkingSet (physical memory assigned to process): 46M, peak: 46M
current process commit charge ("private bytes"): 57M, peak: 57M

vm_info: OpenJDK Server VM (11.0.20.1+9-LTS) for windows-x86 JRE (11.0.20.1+9-LTS), built on Aug 19 2023 03:46:17 by "Administrator" with MS VC++ 15.9 (VS2017)

END.
